Unity Editor version:    2020.3.25f1 (9b9180224418)
Branch:                  2020.3/staging
Build type:              Release
Batch mode:              YES
macOS version:           Version 11.5.2 (Build 20G95)
Darwin version:          20.6.0
Architecture:            x86_64
Running under Rosetta:   NO
Available memory:        8192 MB
Using pre-set license
Pro License: NO

COMMAND LINE ARGUMENTS:
/Applications/Unity/Hub/Editor/2020.3.25f1/Unity.app/Contents/MacOS/Unity
-adb2
-batchMode
-noUpm
-name
AssetImportWorker0
-projectPath
/Users/decodeme/Documents/GitHub/unity-ref-animation
-logFile
Logs/AssetImportWorker0.log
-srvPort
49456
Successfully changed project path to: /Users/decodeme/Documents/GitHub/unity-ref-animation
/Users/decodeme/Documents/GitHub/unity-ref-animation
Using Asset Import Pipeline V2.
Refreshing native plugins compatible for Editor in 57.95 ms, found 2 plugins.
Preloading 0 native plugins for Editor in 0.00 ms.
Initialize engine version: 2020.3.25f1 (9b9180224418)
[Subsystems] Discovering subsystems at path /Applications/Unity/Hub/Editor/2020.3.25f1/Unity.app/Contents/Resources/UnitySubsystems
[Subsystems] Discovering subsystems at path /Users/decodeme/Documents/GitHub/unity-ref-animation/Assets
GfxDevice: creating device client; threaded=0
2022-01-08 16:17:21.180 Unity[1631:25005] Color LCD preferred device: Intel(R) UHD Graphics 617 (low power)
2022-01-08 16:17:21.180 Unity[1631:25005] Metal devices available: 1
2022-01-08 16:17:21.180 Unity[1631:25005] 0: Intel(R) UHD Graphics 617 (low power)
2022-01-08 16:17:21.182 Unity[1631:25005] Using device Intel(R) UHD Graphics 617 (low power)
Initializing Metal device caps: Intel(R) UHD Graphics 617
Initialize mono
Mono path[0] = '/Applications/Unity/Hub/Editor/2020.3.25f1/Unity.app/Contents/Managed'
Mono path[1] = '/Applications/Unity/Hub/Editor/2020.3.25f1/Unity.app/Contents/MonoBleedingEdge/lib/mono/unityjit'
Mono config path = '/Applications/Unity/Hub/Editor/2020.3.25f1/Unity.app/Contents/MonoBleedingEdge/etc'
Using monoOptions --debugger-agent=transport=dt_socket,embedding=1,server=y,suspend=n,address=127.0.0.1:56631
Begin MonoManager ReloadAssembly
Registering precompiled unity dll's ...
Register platform support module: /Applications/Unity/Hub/Editor/2020.3.25f1/PlaybackEngines/WebGLSupport/UnityEditor.WebGL.Extensions.dll
Register platform support module: /Applications/Unity/Hub/Editor/2020.3.25f1/Unity.app/Contents/PlaybackEngines/MacStandaloneSupport/UnityEditor.OSXStandalone.Extensions.dll
Registered in 0.006828 seconds.
Native extension for OSXStandalone target not found
Native extension for WebGL target not found
Refreshing native plugins compatible for Editor in 38.51 ms, found 2 plugins.
Preloading 0 native plugins for Editor in 0.00 ms.
Mono: successfully reloaded assembly
- Completed reload, in  0.930 seconds
Domain Reload Profiling:
	ReloadAssembly (930ms)
		BeginReloadAssembly (69ms)
			ExecutionOrderSort (0ms)
			DisableScriptedObjects (0ms)
			BackupInstance (0ms)
			ReleaseScriptingObjects (0ms)
			CreateAndSetChildDomain (2ms)
		EndReloadAssembly (737ms)
			LoadAssemblies (72ms)
			RebuildTransferFunctionScriptingTraits (0ms)
			SetupTypeCache (279ms)
			ReleaseScriptCaches (0ms)
			RebuildScriptCaches (60ms)
			SetupLoadedEditorAssemblies (254ms)
				LogAssemblyErrors (0ms)
				InitializePlatformSupportModulesInManaged (8ms)
				SetLoadedEditorAssemblies (0ms)
				RefreshPlugins (39ms)
				BeforeProcessingInitializeOnLoad (12ms)
				ProcessInitializeOnLoadAttributes (150ms)
				ProcessInitializeOnLoadMethodAttributes (46ms)
				AfterProcessingInitializeOnLoad (0ms)
				EditorAssembliesLoaded (0ms)
			ExecutionOrderSort2 (0ms)
			AwakeInstancesAfterBackupRestoration (0ms)
Platform modules already initialized, skipping
Registering precompiled user dll's ...
Registered in 0.015234 seconds.
Begin MonoManager ReloadAssembly
Native extension for OSXStandalone target not found
Native extension for WebGL target not found
Refreshing native plugins compatible for Editor in 0.46 ms, found 2 plugins.
Preloading 0 native plugins for Editor in 0.00 ms.
Mono: successfully reloaded assembly
- Completed reload, in  1.700 seconds
Domain Reload Profiling:
	ReloadAssembly (1702ms)
		BeginReloadAssembly (248ms)
			ExecutionOrderSort (0ms)
			DisableScriptedObjects (7ms)
			BackupInstance (0ms)
			ReleaseScriptingObjects (0ms)
			CreateAndSetChildDomain (56ms)
		EndReloadAssembly (1365ms)
			LoadAssemblies (139ms)
			RebuildTransferFunctionScriptingTraits (0ms)
			SetupTypeCache (506ms)
			ReleaseScriptCaches (0ms)
			RebuildScriptCaches (76ms)
			SetupLoadedEditorAssemblies (440ms)
				LogAssemblyErrors (0ms)
				InitializePlatformSupportModulesInManaged (7ms)
				SetLoadedEditorAssemblies (1ms)
				RefreshPlugins (1ms)
				BeforeProcessingInitializeOnLoad (73ms)
				ProcessInitializeOnLoadAttributes (336ms)
				ProcessInitializeOnLoadMethodAttributes (20ms)
				AfterProcessingInitializeOnLoad (2ms)
				EditorAssembliesLoaded (0ms)
			ExecutionOrderSort2 (0ms)
			AwakeInstancesAfterBackupRestoration (16ms)
Platform modules already initialized, skipping
Validating Project structure ... 0.000928 seconds.
Shader import version has changed; will reimport all shaders...
Upgrading shader files ...0.001159 seconds.
Application.AssetDatabase Initial Script Refresh Start
RefreshInfo: InitialScriptRefreshV2(NoUpdateAssetOptions) scanfilter:  ... 1 filters
RefreshProfiler: Total: 0.000ms
Application.AssetDatabase Initial Script Refresh End
Application.AssetDatabase.Refresh Start
Application.AssetDatabase.Refresh End
RefreshInfo: StopAssetImportingV2(ForceSynchronousImport) scanfilter: 
RefreshProfiler: Total: 0.000ms
Launching external process: /Applications/Unity/Hub/Editor/2020.3.25f1/Unity.app/Contents/Tools/UnityShaderCompiler
Launched and connected shader compiler UnityShaderCompiler after 0.02 seconds
Initializing Unity extensions:
========================================================================
Worker process is ready to serve import requests
Refreshing native plugins compatible for Editor in 0.46 ms, found 2 plugins.
Preloading 0 native plugins for Editor in 0.00 ms.
Unloading 1501 Unused Serialized files (Serialized files now loaded: 0)
System memory in use before: 157.8 MB.
System memory in use after: 157.0 MB.

Unloading 80 unused Assets to reduce memory usage. Loaded Objects now: 1972.
Total: 4.852720 ms (FindLiveObjects: 0.196650 ms CreateObjectMapping: 0.077227 ms MarkObjects: 3.883888 ms  DeleteObjects: 0.693029 ms)

AssetImportParameters requested are different than current active one (requested -> active):
  custom:video-decoder-ogg-theora: a1e56fd34408186e4bbccfd4996cb3dc -> 
  custom:container-muxer-webm: aa71ff27fc2769a1b78a27578f13a17b -> 
  custom:container-demuxer-webm: 4f35f7cbe854078d1ac9338744f61a02 -> 
  custom:container-demuxer-ogg: 62fdf1f143b41e24485cea50d1cbac27 -> 
  custom:video-encoder-webm-vp8: eb34c28f22e8b96e1ab97ce403110664 -> 
  custom:framework-osx-AVFoundation: e770b220cccbd017edd2c1fefb359320 -> 
  custom:video-decoder-webm-vp8: 9c59270c3fd7afecdb556c50c9e8de78 -> 
  custom:audio-decoder-ogg-vorbis: bf7c407c2cedff20999df2af8eb42d56 -> 
  custom:audio-encoder-webm-vorbis: bf7c407c2cedff20999df2af8eb42d56 -> 
========================================================================
Received Import Request.
  path: Assets/_Scenes
  artifactKey: Guid(f913f3e1db65443f8808154efe639aa4) Importer(815301076,1909f56bfc062723c751e8b465ee728b)
Start importing Assets/_Scenes using Guid(f913f3e1db65443f8808154efe639aa4) Importer(815301076,1909f56bfc062723c751e8b465ee728b)  -> (artifact id: '3d6f8880ab0f73e6740809203ec9b41c') in 0.005485 seconds 
  Import took 0.008667 seconds .

========================================================================
Received Import Request.
  Time since last request: 0.325401 seconds.
  path: Assets/_Scenes/SampleScene.unity
  artifactKey: Guid(9fc0d4010bbf28b4594072e72b8655ab) Importer(815301076,1909f56bfc062723c751e8b465ee728b)
Start importing Assets/_Scenes/SampleScene.unity using Guid(9fc0d4010bbf28b4594072e72b8655ab) Importer(815301076,1909f56bfc062723c751e8b465ee728b)  -> (artifact id: '85059f4f9e1a832ed95adaa0d25c5c4c') in 0.026180 seconds 
  Import took 0.033128 seconds .

========================================================================
Received Import Request.
  Time since last request: 0.216959 seconds.
  path: Assets/Pug
  artifactKey: Guid(0383aaa090955ec4bbae2d72b3a015b9) Importer(815301076,1909f56bfc062723c751e8b465ee728b)
Start importing Assets/Pug using Guid(0383aaa090955ec4bbae2d72b3a015b9) Importer(815301076,1909f56bfc062723c751e8b465ee728b)  -> (artifact id: '6bae4df1660289b99e31583c9e111198') in 0.002838 seconds 
  Import took 0.012801 seconds .

========================================================================
Received Import Request.
  Time since last request: 2.687703 seconds.
  path: Assets/z_Pug
  artifactKey: Guid(0383aaa090955ec4bbae2d72b3a015b9) Importer(815301076,1909f56bfc062723c751e8b465ee728b)
Start importing Assets/z_Pug using Guid(0383aaa090955ec4bbae2d72b3a015b9) Importer(815301076,1909f56bfc062723c751e8b465ee728b)  -> (artifact id: '6eae9ab4f5323a03e0c0867d1efba807') in 0.001732 seconds 
  Import took 0.007318 seconds .

========================================================================
Received Import Request.
  Time since last request: 2.992830 seconds.
  path: Assets/z_Pug/Readme.txt
  artifactKey: Guid(23da9162f279af048a7f717e503eb8cf) Importer(815301076,1909f56bfc062723c751e8b465ee728b)
Start importing Assets/z_Pug/Readme.txt using Guid(23da9162f279af048a7f717e503eb8cf) Importer(815301076,1909f56bfc062723c751e8b465ee728b)  -> (artifact id: '038331504cc15b5f9bdb132055c1e44c') in 5.422510 seconds 
  Import took 5.435856 seconds .

========================================================================
Received Import Request.
  Time since last request: 0.000404 seconds.
  path: Assets
  artifactKey: Guid(00000000000000001000000000000000) Importer(815301076,1909f56bfc062723c751e8b465ee728b)
Start importing Assets using Guid(00000000000000001000000000000000) Importer(815301076,1909f56bfc062723c751e8b465ee728b)  -> (artifact id: '42d402b061de3733987d63b9cc3b64de') in 0.001882 seconds 
  Import took 0.007419 seconds .

========================================================================
Received Import Request.
  Time since last request: 0.000449 seconds.
  path: Assets/z_Pug/Scenes/Pug_Scene_Demo.unity
  artifactKey: Guid(1cee6db4f7bd94e48adc252559a1a313) Importer(815301076,1909f56bfc062723c751e8b465ee728b)
Start importing Assets/z_Pug/Scenes/Pug_Scene_Demo.unity using Guid(1cee6db4f7bd94e48adc252559a1a313) Importer(815301076,1909f56bfc062723c751e8b465ee728b)  -> (artifact id: '2668e2abc1362b39313e4c8f925f9b93') in 0.003078 seconds 
  Import took 0.010450 seconds .

========================================================================
Received Import Request.
  Time since last request: 0.000603 seconds.
  path: Assets/z_Pug/Materials
  artifactKey: Guid(62a514aba53a18246a923f609726cfe1) Importer(815301076,1909f56bfc062723c751e8b465ee728b)
Start importing Assets/z_Pug/Materials using Guid(62a514aba53a18246a923f609726cfe1) Importer(815301076,1909f56bfc062723c751e8b465ee728b)  -> (artifact id: '638587a2044d6d2b848295255e2f3ccc') in 0.001902 seconds 
  Import took 0.009553 seconds .

========================================================================
Received Import Request.
  Time since last request: 0.000572 seconds.
  path: Assets/z_Pug/FBX
  artifactKey: Guid(5078d27da1f97654eaad5d1c59854c8a) Importer(815301076,1909f56bfc062723c751e8b465ee728b)
Start importing Assets/z_Pug/FBX using Guid(5078d27da1f97654eaad5d1c59854c8a) Importer(815301076,1909f56bfc062723c751e8b465ee728b)  -> (artifact id: 'cdf63dac821fed9796cdebf1ce16f13e') in 0.002128 seconds 
  Import took 0.008088 seconds .

========================================================================
Received Import Request.
  Time since last request: 0.000446 seconds.
  path: Assets/z_Pug/Prefabs
  artifactKey: Guid(0f723ddd080a44c4a98be4ab46031e9c) Importer(815301076,1909f56bfc062723c751e8b465ee728b)
Start importing Assets/z_Pug/Prefabs using Guid(0f723ddd080a44c4a98be4ab46031e9c) Importer(815301076,1909f56bfc062723c751e8b465ee728b)  -> (artifact id: 'c36e06314bac0459f8daa46b9e29780d') in 0.002731 seconds 
  Import took 0.010503 seconds .

========================================================================
Received Import Request.
  Time since last request: 0.000386 seconds.
  path: Assets/z_Pug/Scenes
  artifactKey: Guid(33296e6c1179f9f4282fc71bfe764e5c) Importer(815301076,1909f56bfc062723c751e8b465ee728b)
Start importing Assets/z_Pug/Scenes using Guid(33296e6c1179f9f4282fc71bfe764e5c) Importer(815301076,1909f56bfc062723c751e8b465ee728b)  -> (artifact id: '0c0dda6ad0d06d76df1618a76d944d9b') in 0.001579 seconds 
  Import took 0.007604 seconds .

========================================================================
Received Import Request.
  Time since last request: 3.996069 seconds.
  path: Assets/z_Pug/Prefabs/Pug_HighPoly.prefab
  artifactKey: Guid(a2c8288a08d2d314f929deec6cd12a7a) Importer(815301076,1909f56bfc062723c751e8b465ee728b)
Start importing Assets/z_Pug/Prefabs/Pug_HighPoly.prefab using Guid(a2c8288a08d2d314f929deec6cd12a7a) Importer(815301076,1909f56bfc062723c751e8b465ee728b)  -> (artifact id: '3a89e5617e4874a0d70477ea70a71bbf') in 3.142233 seconds 
  Import took 3.153296 seconds .

========================================================================
Received Import Request.
  Time since last request: 10.894020 seconds.
  path: Assets/_Scenes/PubAnimations.unity
  artifactKey: Guid(9fc0d4010bbf28b4594072e72b8655ab) Importer(815301076,1909f56bfc062723c751e8b465ee728b)
Start importing Assets/_Scenes/PubAnimations.unity using Guid(9fc0d4010bbf28b4594072e72b8655ab) Importer(815301076,1909f56bfc062723c751e8b465ee728b)  -> (artifact id: 'f274106a13317f170d7b7d6124372926') in 0.004162 seconds 
  Import took 0.008884 seconds .

========================================================================
Received Import Request.
  Time since last request: 33.330121 seconds.
  path: Assets/z_Pug/Prefabs/Pug_IP.prefab
  artifactKey: Guid(962f06c362d5f0c41a662880b33f8682) Importer(815301076,1909f56bfc062723c751e8b465ee728b)
Start importing Assets/z_Pug/Prefabs/Pug_IP.prefab using Guid(962f06c362d5f0c41a662880b33f8682) Importer(815301076,1909f56bfc062723c751e8b465ee728b)  -> (artifact id: '35d91ad0fd600dab66d1f3a6be5c2e85') in 0.100766 seconds 
  Import took 0.113847 seconds .

========================================================================
Received Import Request.
  Time since last request: 69.637419 seconds.
  path: Assets/z_Pug/FBX/Pug_HighPoly.fbx
  artifactKey: Guid(94f1ed8bd0909b54bb1d71d4aa1b06a2) Importer(815301076,1909f56bfc062723c751e8b465ee728b)
Start importing Assets/z_Pug/FBX/Pug_HighPoly.fbx using Guid(94f1ed8bd0909b54bb1d71d4aa1b06a2) Importer(815301076,1909f56bfc062723c751e8b465ee728b)  -> (artifact id: 'dc0f81b59654ad1536e3d40f6890595a') in 0.696874 seconds 
  Import took 0.705947 seconds .

========================================================================
Received Import Request.
  Time since last request: 35.106451 seconds.
  path: Assets/z_Pug/FBX/Pug_AContr_Demo.controller
  artifactKey: Guid(214687b8c645f874ea33557dfff4d1e5) Importer(815301076,1909f56bfc062723c751e8b465ee728b)
Start importing Assets/z_Pug/FBX/Pug_AContr_Demo.controller using Guid(214687b8c645f874ea33557dfff4d1e5) Importer(815301076,1909f56bfc062723c751e8b465ee728b)  -> (artifact id: '2f7d5267d629d41bf82b97fa54079083') in 0.473292 seconds 
  Import took 0.497938 seconds .

========================================================================
Received Import Request.
  Time since last request: 7.524225 seconds.
  path: Assets/z_Pug/FBX/Anim/Pug_IP.fbx
  artifactKey: Guid(0f4ba95a69d50304ebd3f6a5cd0d1e1e) Importer(815301076,1909f56bfc062723c751e8b465ee728b)
Start importing Assets/z_Pug/FBX/Anim/Pug_IP.fbx using Guid(0f4ba95a69d50304ebd3f6a5cd0d1e1e) Importer(815301076,1909f56bfc062723c751e8b465ee728b)  -> (artifact id: 'e91ea1076c66facc65728307a73f8a1b') in 0.273734 seconds 
  Import took 0.289417 seconds .

========================================================================
Received Import Request.
  Time since last request: 113.962400 seconds.
  path: Assets/z_Pug/FBX/Anim/Pug_RM.fbx
  artifactKey: Guid(4b5eeb1bcb2fe2146bef0c3278359514) Importer(815301076,1909f56bfc062723c751e8b465ee728b)
Start importing Assets/z_Pug/FBX/Anim/Pug_RM.fbx using Guid(4b5eeb1bcb2fe2146bef0c3278359514) Importer(815301076,1909f56bfc062723c751e8b465ee728b)  -> (artifact id: 'db2d643ca9fb20a5bee0e0ca5ed4d02f') in 0.381889 seconds 
  Import took 0.398277 seconds .

========================================================================
Received Import Request.
  Time since last request: 43.648175 seconds.
  path: Assets/z_Pug/FBX/Anim
  artifactKey: Guid(eef6a91283e759c42b296792d969116f) Importer(815301076,1909f56bfc062723c751e8b465ee728b)
Start importing Assets/z_Pug/FBX/Anim using Guid(eef6a91283e759c42b296792d969116f) Importer(815301076,1909f56bfc062723c751e8b465ee728b)  -> (artifact id: '971ac91d807bb29596f4000b5d94e3ab') in 0.002027 seconds 
  Import took 0.007407 seconds .

========================================================================
Received Import Request.
  Time since last request: 4.441261 seconds.
  path: Assets/z_Pug/FBX/Pug_LOD.fbx
  artifactKey: Guid(2640990572bdab24b9ceddbb203d7ea3) Importer(815301076,1909f56bfc062723c751e8b465ee728b)
Start importing Assets/z_Pug/FBX/Pug_LOD.fbx using Guid(2640990572bdab24b9ceddbb203d7ea3) Importer(815301076,1909f56bfc062723c751e8b465ee728b)  -> (artifact id: '13cd8b16c9364e620c0e275604d863be') in 0.179158 seconds 
  Import took 0.185795 seconds .

========================================================================
Received Import Request.
  Time since last request: 8.382919 seconds.
  path: Assets/z_Pug/FBX/Pug_LowPoly.fbx
  artifactKey: Guid(17aac4b32698a404192acdf84a2986aa) Importer(815301076,1909f56bfc062723c751e8b465ee728b)
Start importing Assets/z_Pug/FBX/Pug_LowPoly.fbx using Guid(17aac4b32698a404192acdf84a2986aa) Importer(815301076,1909f56bfc062723c751e8b465ee728b)  -> (artifact id: '66284078c8b11a8fe827fca72dde99df') in 0.354076 seconds 
  Import took 0.360790 seconds .

========================================================================
Received Import Request.
  Time since last request: 11.116408 seconds.
  path: Assets/z_Pug/Textures/Pug_Albedo_M.tif
  artifactKey: Guid(5449bd1fa56684d4eb61dbab2d40648f) Importer(815301076,1909f56bfc062723c751e8b465ee728b)
Start importing Assets/z_Pug/Textures/Pug_Albedo_M.tif using Guid(5449bd1fa56684d4eb61dbab2d40648f) Importer(815301076,1909f56bfc062723c751e8b465ee728b)  -> (artifact id: 'efed4a14ebf58380af934708db43d94d') in 3.153860 seconds 
  Import took 3.165255 seconds .

========================================================================
Received Import Request.
  Time since last request: 0.000378 seconds.
  path: Assets/z_Pug/Textures/Pug_Normal_M.tif
  artifactKey: Guid(c6823f7dcede35142a48cfaaf003a925) Importer(815301076,1909f56bfc062723c751e8b465ee728b)
Start importing Assets/z_Pug/Textures/Pug_Normal_M.tif using Guid(c6823f7dcede35142a48cfaaf003a925) Importer(815301076,1909f56bfc062723c751e8b465ee728b)  -> (artifact id: '23bf9bf0c0e407c31d83bd87fb6728c7') in 0.133529 seconds 
  Import took 0.136730 seconds .

========================================================================
Received Import Request.
  Time since last request: 17.389072 seconds.
  path: Assets/_Scenes/PubAnimations.unity
  artifactKey: Guid(9fc0d4010bbf28b4594072e72b8655ab) Importer(815301076,1909f56bfc062723c751e8b465ee728b)
Start importing Assets/_Scenes/PubAnimations.unity using Guid(9fc0d4010bbf28b4594072e72b8655ab) Importer(815301076,1909f56bfc062723c751e8b465ee728b)  -> (artifact id: 'f2af89a6fa6788dde88521bed1525f38') in 0.003569 seconds 
  Import took 0.009913 seconds .

========================================================================
Received Import Request.
  Time since last request: 9.679806 seconds.
  path: Assets/_Scenes/Pug Animations.unity
  artifactKey: Guid(9fc0d4010bbf28b4594072e72b8655ab) Importer(815301076,1909f56bfc062723c751e8b465ee728b)
Start importing Assets/_Scenes/Pug Animations.unity using Guid(9fc0d4010bbf28b4594072e72b8655ab) Importer(815301076,1909f56bfc062723c751e8b465ee728b)  -> (artifact id: '4a43391464aa105aa1ba7ae5293fa11c') in 0.004503 seconds 
  Import took 0.010305 seconds .

========================================================================
Received Import Request.
  Time since last request: 13.988010 seconds.
  path: Assets/z_Pug/Textures
  artifactKey: Guid(beb8715dd14b10f468e1a18ad8f2d359) Importer(815301076,1909f56bfc062723c751e8b465ee728b)
Start importing Assets/z_Pug/Textures using Guid(beb8715dd14b10f468e1a18ad8f2d359) Importer(815301076,1909f56bfc062723c751e8b465ee728b)  -> (artifact id: '39967103b3312c42a44a46ae1e11ac8d') in 0.002260 seconds 
  Import took 0.007414 seconds .

========================================================================
Received Import Request.
  Time since last request: 593.594292 seconds.
  path: Assets/z_Pug/Materials/Pug_Color.mat
  artifactKey: Guid(68c39bd5acfbc3b48897b2a40704fa10) Importer(815301076,1909f56bfc062723c751e8b465ee728b)
Start importing Assets/z_Pug/Materials/Pug_Color.mat using Guid(68c39bd5acfbc3b48897b2a40704fa10) Importer(815301076,1909f56bfc062723c751e8b465ee728b)  -> (artifact id: '84e172704d8c713bc6bb1a7bd80d7362') in 0.429926 seconds 
  Import took 0.461990 seconds .

========================================================================
Received Import Request.
  Time since last request: 0.000418 seconds.
  path: Assets/z_Pug/Materials/Pug_Color_M.mat
  artifactKey: Guid(c6a3d2be8c626ac47a58baaaed7812fb) Importer(815301076,1909f56bfc062723c751e8b465ee728b)
Start importing Assets/z_Pug/Materials/Pug_Color_M.mat using Guid(c6a3d2be8c626ac47a58baaaed7812fb) Importer(815301076,1909f56bfc062723c751e8b465ee728b)  -> (artifact id: '3c6f527841a62754890c2d67126349c0') in 0.053713 seconds 
  Import took 0.057467 seconds .

========================================================================
Received Import Request.
  Time since last request: 23.994470 seconds.
  path: Assets/z_Pug/Prefabs/Pug_LOD.prefab
  artifactKey: Guid(c89fc654fe6d3b447a560e01bbf2b090) Importer(815301076,1909f56bfc062723c751e8b465ee728b)
Start importing Assets/z_Pug/Prefabs/Pug_LOD.prefab using Guid(c89fc654fe6d3b447a560e01bbf2b090) Importer(815301076,1909f56bfc062723c751e8b465ee728b)  -> (artifact id: '57b421414cb143491b5cf71f1291dd74') in 0.091285 seconds 
  Import took 0.100303 seconds .

========================================================================
Received Import Request.
  Time since last request: 0.000361 seconds.
  path: Assets/z_Pug/Prefabs/Pug_RM.prefab
  artifactKey: Guid(d4721b0167f2e25458800d78f6afcc99) Importer(815301076,1909f56bfc062723c751e8b465ee728b)
Start importing Assets/z_Pug/Prefabs/Pug_RM.prefab using Guid(d4721b0167f2e25458800d78f6afcc99) Importer(815301076,1909f56bfc062723c751e8b465ee728b)  -> (artifact id: 'ae00a4c25ea6279046459b93676a3b15') in 0.073226 seconds 
  Import took 0.080965 seconds .

========================================================================
Received Import Request.
  Time since last request: 0.000533 seconds.
  path: Assets/z_Pug/Prefabs/Pug_LowPoly.prefab
  artifactKey: Guid(60375dcd6b55702478385e6adc8df9d2) Importer(815301076,1909f56bfc062723c751e8b465ee728b)
Start importing Assets/z_Pug/Prefabs/Pug_LowPoly.prefab using Guid(60375dcd6b55702478385e6adc8df9d2) Importer(815301076,1909f56bfc062723c751e8b465ee728b)  -> (artifact id: '231affc33fd663b0f757ff58e92cb76e') in 0.036558 seconds 
  Import took 0.043290 seconds .

========================================================================
Received Import Request.
  Time since last request: 19.650321 seconds.
  path: Assets/z_Pug/Textures/Pug_Albedo.tif
  artifactKey: Guid(d57700162efe6b44487e98aef05a5825) Importer(815301076,1909f56bfc062723c751e8b465ee728b)
Start importing Assets/z_Pug/Textures/Pug_Albedo.tif using Guid(d57700162efe6b44487e98aef05a5825) Importer(815301076,1909f56bfc062723c751e8b465ee728b)  -> (artifact id: '498dd9d750c3d91ddd5ea177291b8178') in 0.020134 seconds 
  Import took 0.026330 seconds .

========================================================================
Received Import Request.
  Time since last request: 0.000498 seconds.
  path: Assets/z_Pug/Textures/Pug_Normal.tif
  artifactKey: Guid(33514409ac0391d41b9c8c9f6691574e) Importer(815301076,1909f56bfc062723c751e8b465ee728b)
Start importing Assets/z_Pug/Textures/Pug_Normal.tif using Guid(33514409ac0391d41b9c8c9f6691574e) Importer(815301076,1909f56bfc062723c751e8b465ee728b)  -> (artifact id: 'afe0ca6fbece9d22d4699a99dde3bdfd') in 0.032851 seconds 
  Import took 0.038587 seconds .

========================================================================
Received Import Request.
  Time since last request: 0.000492 seconds.
  path: Assets/z_Pug/Textures/Pug_Metallic.tif
  artifactKey: Guid(484c03eb2e0d2de4496a6e813802f572) Importer(815301076,1909f56bfc062723c751e8b465ee728b)
Start importing Assets/z_Pug/Textures/Pug_Metallic.tif using Guid(484c03eb2e0d2de4496a6e813802f572) Importer(815301076,1909f56bfc062723c751e8b465ee728b)  -> (artifact id: '9d6478bccd87cbb2315ff46f70cbb92b') in 0.025857 seconds 
  Import took 0.030236 seconds .

